TpTrace Verbose: 0 : 14756, 1, 2021/07/16, 14:29:31.400, 1660925483471, vstest.console.dll, Version: 16.9.4
TpTrace Information: 0 : 14756, 1, 2021/07/16, 14:29:31.417, 1660925630501, vstest.console.dll, FilePatternParser: The given file D:\TreatmentMicroservice\TreatmentMicroservice\TreatmentMicroserviceTesting\bin\Debug\netcoreapp3.1\fine-code-coverage\build-output\TreatmentMicroserviceTesting.dll is a full path.
TpTrace Verbose: 0 : 14756, 1, 2021/07/16, 14:29:31.428, 1660925746027, vstest.console.dll, TestPluginCache.DiscoverTestExtensions: finding test extensions in assemblies ends with: RuntimeProvider.dll TPluginInfo: Microsoft.VisualStudio.TestPlatform.Common.ExtensionFramework.Utilities.TestRuntimePluginInformation TExtension: Microsoft.VisualStudio.TestPlatform.ObjectModel.Host.ITestRuntimeProvider
TpTrace Verbose: 0 : 14756, 1, 2021/07/16, 14:29:31.429, 1660925754888, vstest.console.dll, TestPluginCache.GetExtensionPaths: Filtered extension paths: 
TpTrace Verbose: 0 : 14756, 1, 2021/07/16, 14:29:31.429, 1660925756726, vstest.console.dll, TestPluginCache.GetExtensionPaths: Added default extension paths: C:\Program Files\dotnet\sdk\5.0.203\Extensions\Microsoft.Diagnostics.NETCore.Client.dll
C:\Program Files\dotnet\sdk\5.0.203\Extensions\Microsoft.TestPlatform.Extensions.BlameDataCollector.dll
C:\Program Files\dotnet\sdk\5.0.203\Extensions\Microsoft.TestPlatform.Extensions.EventLogCollector.dll
C:\Program Files\dotnet\sdk\5.0.203\Extensions\Microsoft.TestPlatform.TestHostRuntimeProvider.dll
C:\Program Files\dotnet\sdk\5.0.203\Extensions\Microsoft.VisualStudio.TestPlatform.Extensions.Html.TestLogger.dll
C:\Program Files\dotnet\sdk\5.0.203\Extensions\Microsoft.VisualStudio.TestPlatform.Extensions.Trx.TestLogger.dll
TpTrace Verbose: 0 : 14756, 1, 2021/07/16, 14:29:31.429, 1660925757801, vstest.console.dll, TestPluginCache.GetExtensionPaths: Added unfilterableExtensionPaths: 
TpTrace Information: 0 : 14756, 1, 2021/07/16, 14:29:31.431, 1660925770721, vstest.console.dll, AssemblyResolver.ctor: Creating AssemblyResolver with searchDirectories C:\Program Files\dotnet\sdk\5.0.203\Extensions,C:\Program Files\dotnet\sdk\5.0.203
TpTrace Verbose: 0 : 14756, 1, 2021/07/16, 14:29:31.432, 1660925785763, vstest.console.dll, TestPluginCache.DiscoverTestExtensions: Discovering the extensions using extension path.
TpTrace Verbose: 0 : 14756, 1, 2021/07/16, 14:29:31.432, 1660925787938, vstest.console.dll, TestPluginCache.GetExtensionPaths: Filtered extension paths: 
TpTrace Verbose: 0 : 14756, 1, 2021/07/16, 14:29:31.433, 1660925788794, vstest.console.dll, TestPluginCache.GetExtensionPaths: Added default extension paths: C:\Program Files\dotnet\sdk\5.0.203\Extensions\Microsoft.Diagnostics.NETCore.Client.dll
C:\Program Files\dotnet\sdk\5.0.203\Extensions\Microsoft.TestPlatform.Extensions.BlameDataCollector.dll
C:\Program Files\dotnet\sdk\5.0.203\Extensions\Microsoft.TestPlatform.Extensions.EventLogCollector.dll
C:\Program Files\dotnet\sdk\5.0.203\Extensions\Microsoft.TestPlatform.TestHostRuntimeProvider.dll
C:\Program Files\dotnet\sdk\5.0.203\Extensions\Microsoft.VisualStudio.TestPlatform.Extensions.Html.TestLogger.dll
C:\Program Files\dotnet\sdk\5.0.203\Extensions\Microsoft.VisualStudio.TestPlatform.Extensions.Trx.TestLogger.dll
TpTrace Verbose: 0 : 14756, 1, 2021/07/16, 14:29:31.433, 1660925789377, vstest.console.dll, TestPluginCache.GetExtensionPaths: Added unfilterableExtensionPaths: 
TpTrace Verbose: 0 : 14756, 1, 2021/07/16, 14:29:31.433, 1660925793498, vstest.console.dll, TestPluginCache.DiscoverTestExtensions: Discovering the extensions using allExtensionPaths: C:\Program Files\dotnet\sdk\5.0.203\Extensions\Microsoft.Diagnostics.NETCore.Client.dll
C:\Program Files\dotnet\sdk\5.0.203\Extensions\Microsoft.TestPlatform.Extensions.BlameDataCollector.dll
C:\Program Files\dotnet\sdk\5.0.203\Extensions\Microsoft.TestPlatform.Extensions.EventLogCollector.dll
C:\Program Files\dotnet\sdk\5.0.203\Extensions\Microsoft.TestPlatform.TestHostRuntimeProvider.dll
C:\Program Files\dotnet\sdk\5.0.203\Extensions\Microsoft.VisualStudio.TestPlatform.Extensions.Html.TestLogger.dll
C:\Program Files\dotnet\sdk\5.0.203\Extensions\Microsoft.VisualStudio.TestPlatform.Extensions.Trx.TestLogger.dll
TpTrace Information: 0 : 14756, 1, 2021/07/16, 14:29:31.434, 1660925803336, vstest.console.dll, AssemblyResolver.AddSearchDirectories: Adding more searchDirectories C:\Program Files\dotnet\sdk\5.0.203\Extensions,C:\Program Files\dotnet\sdk\5.0.203
TpTrace Information: 0 : 14756, 1, 2021/07/16, 14:29:31.434, 1660925805347, vstest.console.dll, AssemblyResolver.AddSearchDirectories: Adding more searchDirectories C:\Program Files\dotnet\sdk\5.0.203\Extensions,C:\Program Files\dotnet\sdk\5.0.203
TpTrace Information: 0 : 14756, 1, 2021/07/16, 14:29:31.434, 1660925806425, vstest.console.dll, AssemblyResolver.AddSearchDirectories: Adding more searchDirectories C:\Program Files\dotnet\sdk\5.0.203\Extensions,C:\Program Files\dotnet\sdk\5.0.203
TpTrace Information: 0 : 14756, 1, 2021/07/16, 14:29:31.434, 1660925807147, vstest.console.dll, AssemblyResolver.AddSearchDirectories: Adding more searchDirectories C:\Program Files\dotnet\sdk\5.0.203\Extensions,C:\Program Files\dotnet\sdk\5.0.203
TpTrace Information: 0 : 14756, 1, 2021/07/16, 14:29:31.434, 1660925807811, vstest.console.dll, AssemblyResolver.AddSearchDirectories: Adding more searchDirectories C:\Program Files\dotnet\sdk\5.0.203\Extensions,C:\Program Files\dotnet\sdk\5.0.203
TpTrace Information: 0 : 14756, 1, 2021/07/16, 14:29:31.434, 1660925808353, vstest.console.dll, AssemblyResolver.AddSearchDirectories: Adding more searchDirectories C:\Program Files\dotnet\sdk\5.0.203\Extensions,C:\Program Files\dotnet\sdk\5.0.203
TpTrace Information: 0 : 14756, 1, 2021/07/16, 14:29:31.435, 1660925815448, vstest.console.dll, AssemblyResolver.OnResolve: Microsoft.Diagnostics.NETCore.Client: Resolving assembly.
TpTrace Information: 0 : 14756, 1, 2021/07/16, 14:29:31.437, 1660925836043, vstest.console.dll, AssemblyResolver.OnResolve: Resolved assembly: Microsoft.Diagnostics.NETCore.Client, from path: C:\Program Files\dotnet\sdk\5.0.203\Extensions\Microsoft.Diagnostics.NETCore.Client.dll
TpTrace Information: 0 : 14756, 1, 2021/07/16, 14:29:31.442, 1660925883796, vstest.console.dll, AssemblyResolver.OnResolve: Microsoft.Bcl.AsyncInterfaces: Resolving assembly.
TpTrace Information: 0 : 14756, 1, 2021/07/16, 14:29:31.442, 1660925887512, vstest.console.dll, AssemblyResolver.OnResolve: Microsoft.Bcl.AsyncInterfaces: Failed to load assembly.
TpTrace Verbose: 0 : 14756, 1, 2021/07/16, 14:29:31.442, 1660925888385, vstest.console.dll, CurrentDomain_AssemblyResolve: Resolving assembly 'Microsoft.Bcl.AsyncInterfaces'.
TpTrace Information: 0 : 14756, 1, 2021/07/16, 14:29:31.443, 1660925889422, vstest.console.dll, AssemblyResolver.OnResolve: Microsoft.Bcl.AsyncInterfaces: Resolving assembly.
TpTrace Information: 0 : 14756, 1, 2021/07/16, 14:29:31.443, 1660925890219, vstest.console.dll, AssemblyResolver.OnResolve: Microsoft.Bcl.AsyncInterfaces: Resolved from cache.
TpTrace Verbose: 0 : 14756, 1, 2021/07/16, 14:29:31.443, 1660925890802, vstest.console.dll, CurrentDomain_AssemblyResolve: Resolving assembly 'Microsoft.Bcl.AsyncInterfaces'.
TpTrace Verbose: 0 : 14756, 1, 2021/07/16, 14:29:31.443, 1660925891574, vstest.console.dll, CurrentDomainAssemblyResolve: Failed to resolve assembly 'Microsoft.Bcl.AsyncInterfaces'.
TpTrace Verbose: 0 : 14756, 1, 2021/07/16, 14:29:31.494, 1660926401592, vstest.console.dll, CurrentDomainAssemblyResolve: Failed to resolve assembly 'Microsoft.Bcl.AsyncInterfaces'.
TpTrace Warning: 0 : 14756, 1, 2021/07/16, 14:29:31.524, 1660926707003, vstest.console.dll, TestPluginDiscoverer: Failed to get types from assembly 'Microsoft.Diagnostics.NETCore.Client, Version=0.2.2.41902, Culture=neutral, PublicKeyToken=31bf3856ad364e35'.  Skipping test extension scan for this assembly.  Error: System.Reflection.ReflectionTypeLoadException: Unable to load one or more of the requested types.
Could not load file or assembly 'Microsoft.Bcl.AsyncInterfaces, Version=1.0.0.0, Culture=neutral, PublicKeyToken=cc7b13ffcd2ddd51'. The system cannot find the file specified.
   at System.Reflection.RuntimeModule.GetTypes(RuntimeModule module)
   at System.Reflection.RuntimeModule.GetTypes()
   at System.Reflection.Assembly.GetTypes()
   at Microsoft.VisualStudio.TestPlatform.Common.ExtensionFramework.TestPluginDiscoverer.GetTestExtensionsFromAssembly[TPluginInfo,TExtension](Assembly assembly, Dictionary`2 pluginInfos)
System.IO.FileNotFoundException: Could not load file or assembly 'Microsoft.Bcl.AsyncInterfaces, Version=1.0.0.0, Culture=neutral, PublicKeyToken=cc7b13ffcd2ddd51'. The system cannot find the file specified.
File name: 'Microsoft.Bcl.AsyncInterfaces, Version=1.0.0.0, Culture=neutral, PublicKeyToken=cc7b13ffcd2ddd51'
TpTrace Warning: 0 : 14756, 1, 2021/07/16, 14:29:31.525, 1660926711612, vstest.console.dll, LoaderExceptions: System.IO.FileNotFoundException: Could not load file or assembly 'Microsoft.Bcl.AsyncInterfaces, Version=1.0.0.0, Culture=neutral, PublicKeyToken=cc7b13ffcd2ddd51'. The system cannot find the file specified.
File name: 'Microsoft.Bcl.AsyncInterfaces, Version=1.0.0.0, Culture=neutral, PublicKeyToken=cc7b13ffcd2ddd51'
TpTrace Information: 0 : 14756, 1, 2021/07/16, 14:29:31.525, 1660926714776, vstest.console.dll, AssemblyResolver.OnResolve: Microsoft.TestPlatform.Extensions.BlameDataCollector: Resolving assembly.
TpTrace Information: 0 : 14756, 1, 2021/07/16, 14:29:31.527, 1660926728855, vstest.console.dll, AssemblyResolver.OnResolve: Resolved assembly: Microsoft.TestPlatform.Extensions.BlameDataCollector, from path: C:\Program Files\dotnet\sdk\5.0.203\Extensions\Microsoft.TestPlatform.Extensions.BlameDataCollector.dll
TpTrace Information: 0 : 14756, 1, 2021/07/16, 14:29:31.530, 1660926763969, vstest.console.dll, AssemblyResolver.OnResolve: Microsoft.TestPlatform.Extensions.EventLogCollector: Resolving assembly.
TpTrace Information: 0 : 14756, 1, 2021/07/16, 14:29:31.532, 1660926779749, vstest.console.dll, AssemblyResolver.OnResolve: Resolved assembly: Microsoft.TestPlatform.Extensions.EventLogCollector, from path: C:\Program Files\dotnet\sdk\5.0.203\Extensions\Microsoft.TestPlatform.Extensions.EventLogCollector.dll
TpTrace Information: 0 : 14756, 1, 2021/07/16, 14:29:31.536, 1660926824439, vstest.console.dll, AssemblyResolver.OnResolve: Microsoft.TestPlatform.TestHostRuntimeProvider: Resolving assembly.
TpTrace Information: 0 : 14756, 1, 2021/07/16, 14:29:31.539, 1660926849503, vstest.console.dll, AssemblyResolver.OnResolve: Resolved assembly: Microsoft.TestPlatform.TestHostRuntimeProvider, from path: C:\Program Files\dotnet\sdk\5.0.203\Extensions\Microsoft.TestPlatform.TestHostRuntimeProvider.dll
TpTrace Information: 0 : 14756, 1, 2021/07/16, 14:29:31.543, 1660926890606, vstest.console.dll, AssemblyResolver.OnResolve: Microsoft.VisualStudio.TestPlatform.Extensions.Html.TestLogger: Resolving assembly.
TpTrace Information: 0 : 14756, 1, 2021/07/16, 14:29:31.545, 1660926917538, vstest.console.dll, AssemblyResolver.OnResolve: Resolved assembly: Microsoft.VisualStudio.TestPlatform.Extensions.Html.TestLogger, from path: C:\Program Files\dotnet\sdk\5.0.203\Extensions\Microsoft.VisualStudio.TestPlatform.Extensions.Html.TestLogger.dll
TpTrace Information: 0 : 14756, 1, 2021/07/16, 14:29:31.547, 1660926928843, vstest.console.dll, AssemblyResolver.OnResolve: Microsoft.VisualStudio.TestPlatform.Extensions.Trx.TestLogger: Resolving assembly.
TpTrace Information: 0 : 14756, 1, 2021/07/16, 14:29:31.548, 1660926946903, vstest.console.dll, AssemblyResolver.OnResolve: Resolved assembly: Microsoft.VisualStudio.TestPlatform.Extensions.Trx.TestLogger, from path: C:\Program Files\dotnet\sdk\5.0.203\Extensions\Microsoft.VisualStudio.TestPlatform.Extensions.Trx.TestLogger.dll
TpTrace Verbose: 0 : 14756, 1, 2021/07/16, 14:29:31.551, 1660926978383, vstest.console.dll, TestPluginCache: Discovered the extensions using extension path ''.
TpTrace Verbose: 0 : 14756, 1, 2021/07/16, 14:29:31.552, 1660926980846, vstest.console.dll, TestPluginCache: Discoverers are ''.
TpTrace Verbose: 0 : 14756, 1, 2021/07/16, 14:29:31.552, 1660926981916, vstest.console.dll, TestPluginCache: Executors are ''.
TpTrace Verbose: 0 : 14756, 1, 2021/07/16, 14:29:31.552, 1660926982939, vstest.console.dll, TestPluginCache: Executors2 are ''.
TpTrace Verbose: 0 : 14756, 1, 2021/07/16, 14:29:31.552, 1660926984010, vstest.console.dll, TestPluginCache: Setting providers are ''.
TpTrace Verbose: 0 : 14756, 1, 2021/07/16, 14:29:31.552, 1660926984983, vstest.console.dll, TestPluginCache: Loggers are ''.
TpTrace Information: 0 : 14756, 1, 2021/07/16, 14:29:31.571, 1660927169701, vstest.console.dll, RunTestsArgumentProcessor:Execute: Test run is starting.
TpTrace Verbose: 0 : 14756, 1, 2021/07/16, 14:29:31.571, 1660927171536, vstest.console.dll, RunTestsArgumentProcessor:Execute: Queuing Test run.
TpTrace Information: 0 : 14756, 1, 2021/07/16, 14:29:31.571, 1660927175923, vstest.console.dll, TestRequestManager.RunTests: run tests started.
TpTrace Information: 0 : 14756, 1, 2021/07/16, 14:29:31.615, 1660927616750, vstest.console.dll, AssemblyMetadataProvider.GetFrameWork: Determined framework:'.NETCoreApp,Version=v3.1' for source: 'D:\TreatmentMicroservice\TreatmentMicroservice\TreatmentMicroserviceTesting\bin\Debug\netcoreapp3.1\fine-code-coverage\build-output\TreatmentMicroserviceTesting.dll'
TpTrace Information: 0 : 14756, 1, 2021/07/16, 14:29:31.616, 1660927622129, vstest.console.dll, Determined framework for all sources: .NETCoreApp,Version=v3.1
TpTrace Information: 0 : 14756, 1, 2021/07/16, 14:29:31.617, 1660927632594, vstest.console.dll, AssemblyMetadataProvider.GetArchitecture: Determined architecture:AnyCPU info for assembly: D:\TreatmentMicroservice\TreatmentMicroservice\TreatmentMicroserviceTesting\bin\Debug\netcoreapp3.1\fine-code-coverage\build-output\TreatmentMicroserviceTesting.dll
TpTrace Information: 0 : 14756, 1, 2021/07/16, 14:29:31.623, 1660927694514, vstest.console.dll, Determined platform for all sources: X64
TpTrace Information: 0 : 14756, 1, 2021/07/16, 14:29:31.632, 1660927782313, vstest.console.dll, Compatible sources list : 
TpTrace Information: 0 : 14756, 1, 2021/07/16, 14:29:31.632, 1660927785214, vstest.console.dll, D:\TreatmentMicroservice\TreatmentMicroservice\TreatmentMicroserviceTesting\bin\Debug\netcoreapp3.1\fine-code-coverage\build-output\TreatmentMicroserviceTesting.dll
TpTrace Information: 0 : 14756, 1, 2021/07/16, 14:29:31.639, 1660927857383, vstest.console.dll, InferRunSettingsHelper.IsTestSettingsEnabled: Unable to navigate to RunSettings/MSTest. Current node: RunSettings
TpTrace Information: 0 : 14756, 1, 2021/07/16, 14:29:31.641, 1660927874858, vstest.console.dll, AssemblyResolver.OnResolve: Microsoft.VisualStudio.TestPlatform.Fakes: Resolving assembly.
TpTrace Information: 0 : 14756, 1, 2021/07/16, 14:29:31.642, 1660927881551, vstest.console.dll, AssemblyResolver.OnResolve: Microsoft.VisualStudio.TestPlatform.Fakes: Failed to load assembly.
TpTrace Information: 0 : 14756, 1, 2021/07/16, 14:29:31.643, 1660927892255, vstest.console.dll, Failed to create newly implemented Fakes Configurator. Reason:System.IO.FileNotFoundException: Could not load file or assembly 'Microsoft.VisualStudio.TestPlatform.Fakes, Version=16.0.0.0, Culture=neutral, PublicKeyToken=null'. The system cannot find the file specified.
File name: 'Microsoft.VisualStudio.TestPlatform.Fakes, Version=16.0.0.0, Culture=neutral, PublicKeyToken=null'
   at System.Reflection.RuntimeAssembly.InternalLoad(ObjectHandleOnStack assemblyName, ObjectHandleOnStack requestingAssembly, StackCrawlMarkHandle stackMark, Boolean throwOnFileNotFound, ObjectHandleOnStack assemblyLoadContext, ObjectHandleOnStack retAssembly)
   at System.Reflection.RuntimeAssembly.InternalLoad(AssemblyName assemblyName, RuntimeAssembly requestingAssembly, StackCrawlMark& stackMark, Boolean throwOnFileNotFound, AssemblyLoadContext assemblyLoadContext)
   at System.Reflection.Assembly.Load(AssemblyName assemblyRef)
   at Microsoft.VisualStudio.TestPlatform.Common.Utilities.FakesUtilities.TryGetFakesCrossPlatformDataCollectorConfigurator() 
TpTrace Verbose: 0 : 14756, 1, 2021/07/16, 14:29:31.658, 1660928046318, vstest.console.dll, TestPluginCache.DiscoverTestExtensions: finding test extensions in assemblies ends with: TestLogger.dll TPluginInfo: Microsoft.VisualStudio.TestPlatform.Common.ExtensionFramework.Utilities.TestLoggerPluginInformation TExtension: Microsoft.VisualStudio.TestPlatform.ObjectModel.Client.ITestLogger
TpTrace Verbose: 0 : 14756, 1, 2021/07/16, 14:29:31.659, 1660928049394, vstest.console.dll, TestPluginCache.GetExtensionPaths: Filtered extension paths: 
TpTrace Verbose: 0 : 14756, 1, 2021/07/16, 14:29:31.659, 1660928050603, vstest.console.dll, TestPluginCache.GetExtensionPaths: Added default extension paths: C:\Program Files\dotnet\sdk\5.0.203\Extensions\Microsoft.Diagnostics.NETCore.Client.dll
C:\Program Files\dotnet\sdk\5.0.203\Extensions\Microsoft.TestPlatform.Extensions.BlameDataCollector.dll
C:\Program Files\dotnet\sdk\5.0.203\Extensions\Microsoft.TestPlatform.Extensions.EventLogCollector.dll
C:\Program Files\dotnet\sdk\5.0.203\Extensions\Microsoft.TestPlatform.TestHostRuntimeProvider.dll
C:\Program Files\dotnet\sdk\5.0.203\Extensions\Microsoft.VisualStudio.TestPlatform.Extensions.Html.TestLogger.dll
C:\Program Files\dotnet\sdk\5.0.203\Extensions\Microsoft.VisualStudio.TestPlatform.Extensions.Trx.TestLogger.dll
TpTrace Verbose: 0 : 14756, 1, 2021/07/16, 14:29:31.659, 1660928051345, vstest.console.dll, TestPluginCache.GetExtensionPaths: Added unfilterableExtensionPaths: 
TpTrace Information: 0 : 14756, 1, 2021/07/16, 14:29:31.659, 1660928056353, vstest.console.dll, AssemblyResolver.AddSearchDirectories: Adding more searchDirectories C:\Program Files\dotnet\sdk\5.0.203\Extensions,C:\Program Files\dotnet\sdk\5.0.203
TpTrace Verbose: 0 : 14756, 1, 2021/07/16, 14:29:31.659, 1660928057814, vstest.console.dll, TestPluginCache.DiscoverTestExtensions: Discovering the extensions using extension path.
TpTrace Verbose: 0 : 14756, 1, 2021/07/16, 14:29:31.660, 1660928058626, vstest.console.dll, TestPluginCache.GetExtensionPaths: Filtered extension paths: 
TpTrace Verbose: 0 : 14756, 1, 2021/07/16, 14:29:31.660, 1660928059653, vstest.console.dll, TestPluginCache.GetExtensionPaths: Added default extension paths: C:\Program Files\dotnet\sdk\5.0.203\Extensions\Microsoft.Diagnostics.NETCore.Client.dll
C:\Program Files\dotnet\sdk\5.0.203\Extensions\Microsoft.TestPlatform.Extensions.BlameDataCollector.dll
C:\Program Files\dotnet\sdk\5.0.203\Extensions\Microsoft.TestPlatform.Extensions.EventLogCollector.dll
C:\Program Files\dotnet\sdk\5.0.203\Extensions\Microsoft.TestPlatform.TestHostRuntimeProvider.dll
C:\Program Files\dotnet\sdk\5.0.203\Extensions\Microsoft.VisualStudio.TestPlatform.Extensions.Html.TestLogger.dll
C:\Program Files\dotnet\sdk\5.0.203\Extensions\Microsoft.VisualStudio.TestPlatform.Extensions.Trx.TestLogger.dll
TpTrace Verbose: 0 : 14756, 1, 2021/07/16, 14:29:31.660, 1660928060459, vstest.console.dll, TestPluginCache.GetExtensionPaths: Added unfilterableExtensionPaths: 
TpTrace Verbose: 0 : 14756, 1, 2021/07/16, 14:29:31.660, 1660928061350, vstest.console.dll, TestPluginCache.DiscoverTestExtensions: Discovering the extensions using allExtensionPaths: C:\Program Files\dotnet\sdk\5.0.203\Extensions\Microsoft.Diagnostics.NETCore.Client.dll
C:\Program Files\dotnet\sdk\5.0.203\Extensions\Microsoft.TestPlatform.Extensions.BlameDataCollector.dll
C:\Program Files\dotnet\sdk\5.0.203\Extensions\Microsoft.TestPlatform.Extensions.EventLogCollector.dll
C:\Program Files\dotnet\sdk\5.0.203\Extensions\Microsoft.TestPlatform.TestHostRuntimeProvider.dll
C:\Program Files\dotnet\sdk\5.0.203\Extensions\Microsoft.VisualStudio.TestPlatform.Extensions.Html.TestLogger.dll
C:\Program Files\dotnet\sdk\5.0.203\Extensions\Microsoft.VisualStudio.TestPlatform.Extensions.Trx.TestLogger.dll
TpTrace Information: 0 : 14756, 1, 2021/07/16, 14:29:31.660, 1660928062514, vstest.console.dll, AssemblyResolver.AddSearchDirectories: Adding more searchDirectories C:\Program Files\dotnet\sdk\5.0.203\Extensions,C:\Program Files\dotnet\sdk\5.0.203
TpTrace Information: 0 : 14756, 1, 2021/07/16, 14:29:31.660, 1660928063322, vstest.console.dll, AssemblyResolver.AddSearchDirectories: Adding more searchDirectories C:\Program Files\dotnet\sdk\5.0.203\Extensions,C:\Program Files\dotnet\sdk\5.0.203
TpTrace Information: 0 : 14756, 1, 2021/07/16, 14:29:31.660, 1660928064605, vstest.console.dll, AssemblyResolver.AddSearchDirectories: Adding more searchDirectories C:\Program Files\dotnet\sdk\5.0.203\Extensions,C:\Program Files\dotnet\sdk\5.0.203
TpTrace Information: 0 : 14756, 1, 2021/07/16, 14:29:31.660, 1660928065714, vstest.console.dll, AssemblyResolver.AddSearchDirectories: Adding more searchDirectories C:\Program Files\dotnet\sdk\5.0.203\Extensions,C:\Program Files\dotnet\sdk\5.0.203
TpTrace Information: 0 : 14756, 1, 2021/07/16, 14:29:31.660, 1660928066805, vstest.console.dll, AssemblyResolver.AddSearchDirectories: Adding more searchDirectories C:\Program Files\dotnet\sdk\5.0.203\Extensions,C:\Program Files\dotnet\sdk\5.0.203
TpTrace Information: 0 : 14756, 1, 2021/07/16, 14:29:31.660, 1660928067939, vstest.console.dll, AssemblyResolver.AddSearchDirectories: Adding more searchDirectories C:\Program Files\dotnet\sdk\5.0.203\Extensions,C:\Program Files\dotnet\sdk\5.0.203
TpTrace Information: 0 : 14756, 1, 2021/07/16, 14:29:31.661, 1660928074793, vstest.console.dll, AssemblyResolver.OnResolve: Microsoft.Bcl.AsyncInterfaces: Resolving assembly.
TpTrace Information: 0 : 14756, 1, 2021/07/16, 14:29:31.661, 1660928076175, vstest.console.dll, AssemblyResolver.OnResolve: Microsoft.Bcl.AsyncInterfaces: Resolved from cache.
TpTrace Verbose: 0 : 14756, 1, 2021/07/16, 14:29:31.661, 1660928077269, vstest.console.dll, CurrentDomain_AssemblyResolve: Resolving assembly 'Microsoft.Bcl.AsyncInterfaces'.
TpTrace Information: 0 : 14756, 1, 2021/07/16, 14:29:31.662, 1660928078851, vstest.console.dll, AssemblyResolver.OnResolve: Microsoft.Bcl.AsyncInterfaces: Resolving assembly.
TpTrace Information: 0 : 14756, 1, 2021/07/16, 14:29:31.662, 1660928079814, vstest.console.dll, AssemblyResolver.OnResolve: Microsoft.Bcl.AsyncInterfaces: Resolved from cache.
TpTrace Verbose: 0 : 14756, 1, 2021/07/16, 14:29:31.662, 1660928080655, vstest.console.dll, CurrentDomain_AssemblyResolve: Resolving assembly 'Microsoft.Bcl.AsyncInterfaces'.
TpTrace Verbose: 0 : 14756, 1, 2021/07/16, 14:29:31.662, 1660928081411, vstest.console.dll, CurrentDomainAssemblyResolve: Failed to resolve assembly 'Microsoft.Bcl.AsyncInterfaces'.
TpTrace Verbose: 0 : 14756, 1, 2021/07/16, 14:29:31.662, 1660928084559, vstest.console.dll, CurrentDomainAssemblyResolve: Failed to resolve assembly 'Microsoft.Bcl.AsyncInterfaces'.
TpTrace Warning: 0 : 14756, 1, 2021/07/16, 14:29:31.663, 1660928092249, vstest.console.dll, TestPluginDiscoverer: Failed to get types from assembly 'Microsoft.Diagnostics.NETCore.Client, Version=0.2.2.41902, Culture=neutral, PublicKeyToken=31bf3856ad364e35'.  Skipping test extension scan for this assembly.  Error: System.Reflection.ReflectionTypeLoadException: Unable to load one or more of the requested types.
Could not load file or assembly 'Microsoft.Bcl.AsyncInterfaces, Version=1.0.0.0, Culture=neutral, PublicKeyToken=cc7b13ffcd2ddd51'. The system cannot find the file specified.
   at System.Reflection.RuntimeModule.GetTypes(RuntimeModule module)
   at System.Reflection.RuntimeModule.GetTypes()
   at System.Reflection.Assembly.GetTypes()
   at Microsoft.VisualStudio.TestPlatform.Common.ExtensionFramework.TestPluginDiscoverer.GetTestExtensionsFromAssembly[TPluginInfo,TExtension](Assembly assembly, Dictionary`2 pluginInfos)
System.IO.FileNotFoundException: Could not load file or assembly 'Microsoft.Bcl.AsyncInterfaces, Version=1.0.0.0, Culture=neutral, PublicKeyToken=cc7b13ffcd2ddd51'. The system cannot find the file specified.
File name: 'Microsoft.Bcl.AsyncInterfaces, Version=1.0.0.0, Culture=neutral, PublicKeyToken=cc7b13ffcd2ddd51'
TpTrace Warning: 0 : 14756, 1, 2021/07/16, 14:29:31.663, 1660928093989, vstest.console.dll, LoaderExceptions: System.IO.FileNotFoundException: Could not load file or assembly 'Microsoft.Bcl.AsyncInterfaces, Version=1.0.0.0, Culture=neutral, PublicKeyToken=cc7b13ffcd2ddd51'. The system cannot find the file specified.
File name: 'Microsoft.Bcl.AsyncInterfaces, Version=1.0.0.0, Culture=neutral, PublicKeyToken=cc7b13ffcd2ddd51'
TpTrace Verbose: 0 : 14756, 1, 2021/07/16, 14:29:31.664, 1660928105412, vstest.console.dll, TestPluginCache: Discovered the extensions using extension path ''.
TpTrace Verbose: 0 : 14756, 1, 2021/07/16, 14:29:31.664, 1660928107051, vstest.console.dll, TestPluginCache: Discoverers are ''.
TpTrace Verbose: 0 : 14756, 1, 2021/07/16, 14:29:31.664, 1660928107917, vstest.console.dll, TestPluginCache: Executors are ''.
TpTrace Verbose: 0 : 14756, 1, 2021/07/16, 14:29:31.665, 1660928108605, vstest.console.dll, TestPluginCache: Executors2 are ''.
TpTrace Verbose: 0 : 14756, 1, 2021/07/16, 14:29:31.665, 1660928109319, vstest.console.dll, TestPluginCache: Setting providers are ''.
TpTrace Verbose: 0 : 14756, 1, 2021/07/16, 14:29:31.665, 1660928111023, vstest.console.dll, TestPluginCache: Loggers are 'logger://Microsoft/TestPlatform/Extensions/Blame/v1,logger://Microsoft/TestPlatform/HtmlLogger/v1,logger://Microsoft/TestPlatform/TrxLogger/v1'.
TpTrace Information: 0 : 14756, 1, 2021/07/16, 14:29:31.667, 1660928130333, vstest.console.dll, TestPluginManager.CreateTestExtension: Attempting to load test extension: Microsoft.TestPlatform.Extensions.BlameDataCollector.BlameLogger
TpTrace Information: 0 : 14756, 1, 2021/07/16, 14:29:31.693, 1660928392780, vstest.console.dll, TestPluginManager.CreateTestExtension: Attempting to load test extension: Microsoft.VisualStudio.TestPlatform.CrossPlatEngine.Hosting.DefaultTestHostManager
TpTrace Information: 0 : 14756, 1, 2021/07/16, 14:29:31.693, 1660928397683, vstest.console.dll, TestPluginManager.CreateTestExtension: Attempting to load test extension: Microsoft.VisualStudio.TestPlatform.CrossPlatEngine.Hosting.DotnetTestHostManager
TpTrace Verbose: 0 : 14756, 1, 2021/07/16, 14:29:31.694, 1660928406888, vstest.console.dll, TestEngine: Initializing Parallel Execution as MaxCpuCount is set to: 1
TpTrace Information: 0 : 14756, 1, 2021/07/16, 14:29:31.698, 1660928448460, vstest.console.dll, InferRunSettingsHelper.IsTestSettingsEnabled: Unable to navigate to RunSettings/MSTest. Current node: RunSettings
TpTrace Verbose: 0 : 14756, 1, 2021/07/16, 14:29:31.761, 1660929068641, vstest.console.dll, TestRequestSender is acting as server
TpTrace Verbose: 0 : 14756, 4, 2021/07/16, 14:29:31.767, 1660929138354, vstest.console.dll, DataCollectionRequestSender.InitializeCommunication : Initialize communication. 
TpTrace Information: 0 : 14756, 4, 2021/07/16, 14:29:31.789, 1660929349919, vstest.console.dll, Listening on Endpoint : 127.0.0.1:54212
TpTrace Verbose: 0 : 14756, 4, 2021/07/16, 14:29:31.810, 1660929567113, vstest.console.dll, DotnetDataCollectionLauncher: Full path of dotnet.exe is C:\Program Files\dotnet\dotnet.exe
TpTrace Verbose: 0 : 14756, 4, 2021/07/16, 14:29:31.811, 1660929569711, vstest.console.dll, DotnetDataCollectionLauncher: Adding  --runtimeconfig "C:\Program Files\dotnet\sdk\5.0.203\datacollector.runtimeconfig.json" in args
TpTrace Verbose: 0 : 14756, 4, 2021/07/16, 14:29:31.811, 1660929571047, vstest.console.dll, DotnetDataCollectionLauncher: Adding  --depsfile "C:\Program Files\dotnet\sdk\5.0.203\datacollector.deps.json" in args
TpTrace Information: 0 : 14756, 4, 2021/07/16, 14:29:31.857, 1660930036353, vstest.console.dll, ProxyDataCollectionManager.Initialize: Launched datacollector processId: 13672 port: 54212
TpTrace Information: 0 : 14756, 4, 2021/07/16, 14:29:31.858, 1660930039343, vstest.console.dll, ProxyDataCollectionManager.Initialize: waiting for connection with timeout: 90 seconds
TpTrace Verbose: 0 : 14756, 4, 2021/07/16, 14:29:31.858, 1660930040874, vstest.console.dll, DataCollectionRequestSender.WaitForRequestHandlerConnection : Waiting for connection with timeout: 90000
TpTrace Information: 0 : 14756, 7, 2021/07/16, 14:29:32.305, 1660934518290, vstest.console.dll, Using the buffer size of 16384 bytes
TpTrace Verbose: 0 : 14756, 4, 2021/07/16, 14:29:32.306, 1660934519283, vstest.console.dll, ProxyDataCollectionManager.InvokeDataCollectionServiceAction: Starting.
TpTrace Information: 0 : 14756, 7, 2021/07/16, 14:29:32.306, 1660934521402, vstest.console.dll, Accepted Client request and set the flag
TpTrace Information: 0 : 14756, 4, 2021/07/16, 14:29:32.306, 1660934522105, vstest.console.dll, ProxyDataCollectionManager.BeforeTestRunStart: Get environment variable and port for datacollector processId: 13672 port: 54212
TpTrace Verbose: 0 : 14756, 4, 2021/07/16, 14:29:32.306, 1660934524688, vstest.console.dll, DataCollectionRequestSender.SendBeforeTestRunStartAndGetResult : Send BeforeTestRunStart message with settingsXml <RunSettings><RunConfiguration><ResultsDirectory>D:\TreatmentMicroservice\TreatmentMicroservice\TreatmentMicroserviceTesting\bin\Debug\netcoreapp3.1\fine-code-coverage\coverage-tool-output</ResultsDirectory><TargetPlatform>X64</TargetPlatform><TargetFrameworkVersion>.NETCoreApp,Version=v3.1</TargetFrameworkVersion><DesignMode>False</DesignMode><CollectSourceInformation>False</CollectSourceInformation><TestAdaptersPaths>C:\Program Files\dotnet\sdk\5.0.203\Extensions</TestAdaptersPaths></RunConfiguration><LoggerRunSettings><Loggers><Logger friendlyName="blame" enabled="True" /><Logger friendlyName="Console" uri="logger://microsoft/TestPlatform/ConsoleLogger/v1" assemblyQualifiedName="Microsoft.VisualStudio.TestPlatform.CommandLine.Internal.ConsoleLogger, vstest.console, Version=15.0.0.0, Culture=neutral, PublicKeyToken=b03f5f7f11d50a3a" codeBase="C:\Program Files\dotnet\sdk\5.0.203\vstest.console.dll" enabled="True" /></Loggers></LoggerRunSettings><DataCollectionRunSettings><DataCollectors><DataCollector friendlyName="blame" enabled="True"><Configuration><ResultsDirectory>D:\TreatmentMicroservice\TreatmentMicroservice\TreatmentMicroserviceTesting\bin\Debug\netcoreapp3.1\fine-code-coverage\coverage-tool-output</ResultsDirectory></Configuration></DataCollector></DataCollectors></DataCollectionRunSettings></RunSettings> and sources System.Linq.Enumerable+Concat2Iterator`1[System.String]: 
TpTrace Verbose: 0 : 14756, 4, 2021/07/16, 14:29:32.522, 1660936680383, vstest.console.dll, DataCollectionRequestSender.SendBeforeTestRunStartAndGetResult : Received message: (DataCollection.SendMessage) -> {
  "FriendlyName": null,
  "Uri": null,
  "TestCaseId": "00000000-0000-0000-0000-000000000000",
  "Message": "Logging DataCollector Diagnostics in file: D:\\TreatmentMicroservice\\TreatmentMicroservice\\TreatmentMicroserviceTesting\\bin\\Debug\\netcoreapp3.1\\fine-code-coverage\\coverage-tool-output\\diagnostics.datacollector.21-07-16_14-29-31_80218_4.log",
  "Level": 0
}
TpTrace Verbose: 0 : 14756, 4, 2021/07/16, 14:29:32.720, 1660938666732, vstest.console.dll, DataCollectionRequestSender.SendBeforeTestRunStartAndGetResult : Received message: (DataCollection.BeforeTestRunStartResult) -> {
  "EnvironmentVariables": {},
  "DataCollectionEventsPort": 54214
}
TpTrace Information: 0 : 14756, 4, 2021/07/16, 14:29:32.731, 1660938777548, vstest.console.dll, ProxyDataCollectionManager.BeforeTestRunStart: SendBeforeTestRunStartAndGetResult successful, env variable from datacollector:   and testhost port: 54214
TpTrace Information: 0 : 14756, 4, 2021/07/16, 14:29:32.732, 1660938779670, vstest.console.dll, ProxyDataCollectionManager.InvokeDataCollectionServiceAction: Completed.
TpTrace Verbose: 0 : 14756, 1, 2021/07/16, 14:29:32.732, 1660938782125, vstest.console.dll, TestRunRequest.ExecuteAsync: Creating test run request.
TpTrace Verbose: 0 : 14756, 1, 2021/07/16, 14:29:32.732, 1660938786583, vstest.console.dll, TestRunRequest.ExecuteAsync: Starting.
TpTrace Information: 0 : 14756, 1, 2021/07/16, 14:29:32.733, 1660938791267, vstest.console.dll, TestRunRequest.ExecuteAsync: Starting run with settings:TestRunCriteria:
   KeepAlive=False,FrequencyOfRunStatsChangeEvent=10,RunStatsChangeEventTimeout=00:00:01.5000000,TestCaseFilter=,TestExecutorLauncher=
   Settingsxml=<RunSettings>
  <RunConfiguration>
    <ResultsDirectory>D:\TreatmentMicroservice\TreatmentMicroservice\TreatmentMicroserviceTesting\bin\Debug\netcoreapp3.1\fine-code-coverage\coverage-tool-output</ResultsDirectory>
    <TargetPlatform>X64</TargetPlatform>
    <TargetFrameworkVersion>.NETCoreApp,Version=v3.1</TargetFrameworkVersion>
    <DesignMode>False</DesignMode>
    <CollectSourceInformation>False</CollectSourceInformation>
  </RunConfiguration>
  <LoggerRunSettings>
    <Loggers>
      <Logger friendlyName="blame" enabled="True" />
      <Logger friendlyName="Console" uri="logger://microsoft/TestPlatform/ConsoleLogger/v1" assemblyQualifiedName="Microsoft.VisualStudio.TestPlatform.CommandLine.Internal.ConsoleLogger, vstest.console, Version=15.0.0.0, Culture=neutral, PublicKeyToken=b03f5f7f11d50a3a" codeBase="C:\Program Files\dotnet\sdk\5.0.203\vstest.console.dll" enabled="True" />
    </Loggers>
  </LoggerRunSettings>
  <DataCollectionRunSettings>
    <DataCollectors>
      <DataCollector friendlyName="blame" enabled="True">
        <Configuration>
          <ResultsDirectory>D:\TreatmentMicroservice\TreatmentMicroservice\TreatmentMicroserviceTesting\bin\Debug\netcoreapp3.1\fine-code-coverage\coverage-tool-output</ResultsDirectory>
        </Configuration>
      </DataCollector>
    </DataCollectors>
  </DataCollectionRunSettings>
</RunSettings>

TpTrace Verbose: 0 : 14756, 1, 2021/07/16, 14:29:32.733, 1660938793242, vstest.console.dll, TestRunRequest.ExecuteAsync: Wait for the first run request is over.
TpTrace Verbose: 0 : 14756, 1, 2021/07/16, 14:29:32.734, 1660938803841, vstest.console.dll, ParallelProxyExecutionManager: Start execution. Total sources: 1
TpTrace Information: 0 : 14756, 1, 2021/07/16, 14:29:32.736, 1660938822704, vstest.console.dll, ProxyParallelExecutionManager: Triggering test run for next source: D:\TreatmentMicroservice\TreatmentMicroservice\TreatmentMicroserviceTesting\bin\Debug\netcoreapp3.1\fine-code-coverage\build-output\TreatmentMicroserviceTesting.dll
TpTrace Verbose: 0 : 14756, 4, 2021/07/16, 14:29:32.737, 1660938830188, vstest.console.dll, ParallelProxyExecutionManager: Execution started. Started clients: 1
TpTrace Verbose: 0 : 14756, 1, 2021/07/16, 14:29:32.737, 1660938831211, vstest.console.dll, ProxyParallelExecutionManager: No sources available for execution.
TpTrace Information: 0 : 14756, 1, 2021/07/16, 14:29:32.737, 1660938833018, vstest.console.dll, TestRunRequest.ExecuteAsync: Started.
TpTrace Verbose: 0 : 14756, 1, 2021/07/16, 14:29:32.737, 1660938834633, vstest.console.dll, TestRunRequest.WaitForCompletion: Waiting with timeout -1.
TpTrace Verbose: 0 : 14756, 4, 2021/07/16, 14:29:32.738, 1660938838851, vstest.console.dll, TestRunRequest:SendTestRunMessage: Starting.
TpTrace Information: 0 : 14756, 4, 2021/07/16, 14:29:32.738, 1660938842153, vstest.console.dll, TestRunRequest:SendTestRunMessage: Completed.
TpTrace Verbose: 0 : 14756, 4, 2021/07/16, 14:29:32.738, 1660938848160, vstest.console.dll, ProxyExecutionManager: Test host is always Lazy initialize.
TpTrace Verbose: 0 : 14756, 4, 2021/07/16, 14:29:32.739, 1660938854743, vstest.console.dll, TestRequestSender.InitializeCommunication: initialize communication. 
TpTrace Information: 0 : 14756, 4, 2021/07/16, 14:29:32.740, 1660938867417, vstest.console.dll, SocketServer.Start: Listening on endpoint : 127.0.0.1:54215
TpTrace Verbose: 0 : 14756, 4, 2021/07/16, 14:29:32.742, 1660938886225, vstest.console.dll, DotnetTestHostmanager: Adding  --runtimeconfig "D:\TreatmentMicroservice\TreatmentMicroservice\TreatmentMicroserviceTesting\bin\Debug\netcoreapp3.1\fine-code-coverage\build-output\TreatmentMicroserviceTesting.runtimeconfig.json" in args
TpTrace Verbose: 0 : 14756, 4, 2021/07/16, 14:29:32.743, 1660938888821, vstest.console.dll, DotnetTestHostmanager: Adding  --depsfile "D:\TreatmentMicroservice\TreatmentMicroservice\TreatmentMicroserviceTesting\bin\Debug\netcoreapp3.1\fine-code-coverage\build-output\TreatmentMicroserviceTesting.deps.json" in args
TpTrace Information: 0 : 14756, 4, 2021/07/16, 14:29:32.743, 1660938895947, vstest.console.dll, AssemblyResolver.OnResolve: Microsoft.Extensions.DependencyModel: Resolving assembly.
TpTrace Information: 0 : 14756, 4, 2021/07/16, 14:29:32.752, 1660938981718, vstest.console.dll, AssemblyResolver.OnResolve: Resolved assembly: Microsoft.Extensions.DependencyModel, from path: C:\Program Files\dotnet\sdk\5.0.203\Microsoft.Extensions.DependencyModel.dll
TpTrace Verbose: 0 : 14756, 4, 2021/07/16, 14:29:32.752, 1660938986447, vstest.console.dll, DotnetTestHostmanager: Reading file D:\TreatmentMicroservice\TreatmentMicroservice\TreatmentMicroserviceTesting\bin\Debug\netcoreapp3.1\fine-code-coverage\build-output\TreatmentMicroserviceTesting.deps.json to get path of testhost.dll
TpTrace Verbose: 0 : 14756, 4, 2021/07/16, 14:29:32.836, 1660939818842, vstest.console.dll, DotnetTestHostmanager: Relative path of testhost.dll with respect to package folder is microsoft.testplatform.testhost/16.5.0\lib/netcoreapp2.1/testhost.dll
TpTrace Verbose: 0 : 14756, 4, 2021/07/16, 14:29:32.837, 1660939832345, vstest.console.dll, DotnetTestHostmanager: Looking for path microsoft.testplatform.testhost/16.5.0\lib/netcoreapp2.1/testhost.dll in folder C:\Users\user\.dotnet\store\|arch|\|tfm|
TpTrace Verbose: 0 : 14756, 4, 2021/07/16, 14:29:32.837, 1660939835440, vstest.console.dll, DotnetTestHostmanager: Looking for path microsoft.testplatform.testhost/16.5.0\lib/netcoreapp2.1/testhost.dll in folder C:\Users\user\.nuget\packages
TpTrace Verbose: 0 : 14756, 4, 2021/07/16, 14:29:32.838, 1660939839846, vstest.console.dll, DotnetTestHostManager: Testhost.exe/testhost.x86.exe found at path: C:\Users\user\.nuget\packages\microsoft.testplatform.testhost\16.5.0\build\netcoreapp2.1\x64\testhost.exe
TpTrace Verbose: 0 : 14756, 4, 2021/07/16, 14:29:32.838, 1660939841072, vstest.console.dll, DotnetTestHostmanager: Full path of host exe is C:\Users\user\.nuget\packages\microsoft.testplatform.testhost\16.5.0\build\netcoreapp2.1\x64\testhost.exe
TpTrace Verbose: 0 : 14756, 6, 2021/07/16, 14:29:32.840, 1660939862175, vstest.console.dll, DotnetTestHostManager: Starting process 'C:\Users\user\.nuget\packages\microsoft.testplatform.testhost\16.5.0\build\netcoreapp2.1\x64\testhost.exe' with command line ' --runtimeconfig "D:\TreatmentMicroservice\TreatmentMicroservice\TreatmentMicroserviceTesting\bin\Debug\netcoreapp3.1\fine-code-coverage\build-output\TreatmentMicroserviceTesting.runtimeconfig.json" --depsfile "D:\TreatmentMicroservice\TreatmentMicroservice\TreatmentMicroserviceTesting\bin\Debug\netcoreapp3.1\fine-code-coverage\build-output\TreatmentMicroserviceTesting.deps.json" --port 54215 --endpoint 127.0.0.1:054215 --role client --parentprocessid 14756 --diag "D:\TreatmentMicroservice\TreatmentMicroservice\TreatmentMicroserviceTesting\bin\Debug\netcoreapp3.1\fine-code-coverage\coverage-tool-output\diagnostics.host.21-07-16_14-29-32_74185_4.log" --tracelevel 4 --datacollectionport 54214 --telemetryoptedin false'
TpTrace Verbose: 0 : 14756, 6, 2021/07/16, 14:29:33.069, 1660942149268, vstest.console.dll, Test Runtime launched
TpTrace Verbose: 0 : 14756, 4, 2021/07/16, 14:29:33.070, 1660942165105, vstest.console.dll, TestRequestSender.WaitForRequestHandlerConnection: waiting for connection with timeout: 90000
TpTrace Verbose: 0 : 14756, 12, 2021/07/16, 14:29:33.684, 1660948302130, vstest.console.dll, SocketServer.OnClientConnected: Client connected for endPoint: 127.0.0.1:54215, starting MessageLoopAsync:
TpTrace Verbose: 0 : 14756, 12, 2021/07/16, 14:29:33.684, 1660948305937, vstest.console.dll, TcpClientExtensions.MessageLoopAsync: Polling on remoteEndPoint: 127.0.0.1:54217 localEndPoint: 127.0.0.1:54215
TpTrace Verbose: 0 : 14756, 12, 2021/07/16, 14:29:34.149, 1660952953097, vstest.console.dll, TcpClientExtensions.MessageLoopAsync: NotifyDataAvailable remoteEndPoint: 127.0.0.1:54217 localEndPoint: 127.0.0.1:54215
TpTrace Verbose: 0 : 14756, 12, 2021/07/16, 14:29:34.149, 1660952958054, vstest.console.dll, TestRequestSender.CheckVersionWithTestHost: onMessageReceived received message: (ProtocolVersion) -> 2
TpTrace Verbose: 0 : 14756, 12, 2021/07/16, 14:29:34.151, 1660952969144, vstest.console.dll, TcpClientExtensions.MessageLoopAsync: Polling on remoteEndPoint: 127.0.0.1:54217 localEndPoint: 127.0.0.1:54215
TpTrace Verbose: 0 : 14756, 4, 2021/07/16, 14:29:34.151, 1660952970989, vstest.console.dll, TestPluginCache.GetExtensionPaths: Filtered extension paths: 
TpTrace Verbose: 0 : 14756, 4, 2021/07/16, 14:29:34.151, 1660952973497, vstest.console.dll, TestPluginCache.GetExtensionPaths: Added default extension paths: C:\Program Files\dotnet\sdk\5.0.203\Extensions\Microsoft.Diagnostics.NETCore.Client.dll
C:\Program Files\dotnet\sdk\5.0.203\Extensions\Microsoft.TestPlatform.Extensions.BlameDataCollector.dll
C:\Program Files\dotnet\sdk\5.0.203\Extensions\Microsoft.TestPlatform.Extensions.EventLogCollector.dll
C:\Program Files\dotnet\sdk\5.0.203\Extensions\Microsoft.TestPlatform.TestHostRuntimeProvider.dll
C:\Program Files\dotnet\sdk\5.0.203\Extensions\Microsoft.VisualStudio.TestPlatform.Extensions.Html.TestLogger.dll
C:\Program Files\dotnet\sdk\5.0.203\Extensions\Microsoft.VisualStudio.TestPlatform.Extensions.Trx.TestLogger.dll
TpTrace Verbose: 0 : 14756, 4, 2021/07/16, 14:29:34.151, 1660952974864, vstest.console.dll, TestPluginCache.GetExtensionPaths: Added unfilterableExtensionPaths: 
TpTrace Verbose: 0 : 14756, 4, 2021/07/16, 14:29:34.160, 1660953067226, vstest.console.dll, TestRequestSender.InitializeExecution: Sending initializing execution with message: {"Version":2,"MessageType":"TestExecution.Initialize","Payload":["D:\\TreatmentMicroservice\\TreatmentMicroservice\\TreatmentMicroserviceTesting\\bin\\Debug\\netcoreapp3.1\\fine-code-coverage\\build-output\\NUnit3.TestAdapter.dll"]}
TpTrace Verbose: 0 : 14756, 4, 2021/07/16, 14:29:34.183, 1660953288693, vstest.console.dll, TestRequestSender.StartTestRun: Sending test run with message: {"Version":2,"MessageType":"TestExecution.StartWithSources","Payload":{"AdapterSourceMap":{"_none_":["D:\\TreatmentMicroservice\\TreatmentMicroservice\\TreatmentMicroserviceTesting\\bin\\Debug\\netcoreapp3.1\\fine-code-coverage\\build-output\\TreatmentMicroserviceTesting.dll"]},"RunSettings":"<RunSettings>\r\n  <RunConfiguration>\r\n    <ResultsDirectory>D:\\TreatmentMicroservice\\TreatmentMicroservice\\TreatmentMicroserviceTesting\\bin\\Debug\\netcoreapp3.1\\fine-code-coverage\\coverage-tool-output</ResultsDirectory>\r\n    <TargetPlatform>X64</TargetPlatform>\r\n    <TargetFrameworkVersion>.NETCoreApp,Version=v3.1</TargetFrameworkVersion>\r\n    <DesignMode>False</DesignMode>\r\n    <CollectSourceInformation>False</CollectSourceInformation>\r\n  </RunConfiguration>\r\n  <LoggerRunSettings>\r\n    <Loggers>\r\n      <Logger friendlyName=\"blame\" enabled=\"True\" />\r\n      <Logger friendlyName=\"Console\" uri=\"logger://microsoft/TestPlatform/ConsoleLogger/v1\" assemblyQualifiedName=\"Microsoft.VisualStudio.TestPlatform.CommandLine.Internal.ConsoleLogger, vstest.console, Version=15.0.0.0, Culture=neutral, PublicKeyToken=b03f5f7f11d50a3a\" codeBase=\"C:\\Program Files\\dotnet\\sdk\\5.0.203\\vstest.console.dll\" enabled=\"True\" />\r\n    </Loggers>\r\n  </LoggerRunSettings>\r\n  <DataCollectionRunSettings>\r\n    <DataCollectors>\r\n      <DataCollector friendlyName=\"blame\" enabled=\"True\">\r\n        <Configuration>\r\n          <ResultsDirectory>D:\\TreatmentMicroservice\\TreatmentMicroservice\\TreatmentMicroserviceTesting\\bin\\Debug\\netcoreapp3.1\\fine-code-coverage\\coverage-tool-output</ResultsDirectory>\r\n        </Configuration>\r\n      </DataCollector>\r\n    </DataCollectors>\r\n  </DataCollectionRunSettings>\r\n</RunSettings>","TestExecutionContext":{"FrequencyOfRunStatsChangeEvent":10,"RunStatsChangeEventTimeout":"00:00:01.5000000","InIsolation":false,"KeepAlive":false,"AreTestCaseLevelEventsRequired":false,"IsDebug":false,"TestCaseFilter":null,"FilterOptions":null},"Package":null}}
TpTrace Verbose: 0 : 14756, 12, 2021/07/16, 14:29:34.190, 1660953368063, vstest.console.dll, TcpClientExtensions.MessageLoopAsync: NotifyDataAvailable remoteEndPoint: 127.0.0.1:54217 localEndPoint: 127.0.0.1:54215
TpTrace Verbose: 0 : 14756, 12, 2021/07/16, 14:29:34.191, 1660953371186, vstest.console.dll, TestRequestSender.OnExecutionMessageReceived: Received message: {"Version":2,"MessageType":"TestSession.Message","Payload":{"MessageLevel":0,"Message":"Logging TestHost Diagnostics in file: D:\\TreatmentMicroservice\\TreatmentMicroservice\\TreatmentMicroserviceTesting\\bin\\Debug\\netcoreapp3.1\\fine-code-coverage\\coverage-tool-output\\diagnostics.host.21-07-16_14-29-32_74185_4.log"}}
TpTrace Verbose: 0 : 14756, 12, 2021/07/16, 14:29:34.199, 1660953451413, vstest.console.dll, TestRunRequest:SendTestRunMessage: Starting.
TpTrace Information: 0 : 14756, 12, 2021/07/16, 14:29:34.199, 1660953453808, vstest.console.dll, TestRunRequest:SendTestRunMessage: Completed.
TpTrace Verbose: 0 : 14756, 12, 2021/07/16, 14:29:34.199, 1660953454788, vstest.console.dll, TcpClientExtensions.MessageLoopAsync: Polling on remoteEndPoint: 127.0.0.1:54217 localEndPoint: 127.0.0.1:54215
TpTrace Verbose: 0 : 14756, 12, 2021/07/16, 14:29:34.617, 1660957631777, vstest.console.dll, TcpClientExtensions.MessageLoopAsync: NotifyDataAvailable remoteEndPoint: 127.0.0.1:54217 localEndPoint: 127.0.0.1:54215
TpTrace Verbose: 0 : 14756, 12, 2021/07/16, 14:29:34.617, 1660957633680, vstest.console.dll, TestRequestSender.OnExecutionMessageReceived: Received message: {"Version":2,"MessageType":"TestSession.Message","Payload":{"MessageLevel":0,"Message":"NUnit Adapter 3.16.1.0: Test execution started"}}
TpTrace Verbose: 0 : 14756, 12, 2021/07/16, 14:29:34.617, 1660957636927, vstest.console.dll, TestRunRequest:SendTestRunMessage: Starting.
TpTrace Information: 0 : 14756, 12, 2021/07/16, 14:29:34.617, 1660957638034, vstest.console.dll, TestRunRequest:SendTestRunMessage: Completed.
TpTrace Verbose: 0 : 14756, 12, 2021/07/16, 14:29:34.618, 1660957638885, vstest.console.dll, TcpClientExtensions.MessageLoopAsync: Polling on remoteEndPoint: 127.0.0.1:54217 localEndPoint: 127.0.0.1:54215
TpTrace Verbose: 0 : 14756, 12, 2021/07/16, 14:29:34.636, 1660957823383, vstest.console.dll, TcpClientExtensions.MessageLoopAsync: NotifyDataAvailable remoteEndPoint: 127.0.0.1:54217 localEndPoint: 127.0.0.1:54215
TpTrace Verbose: 0 : 14756, 12, 2021/07/16, 14:29:34.636, 1660957825644, vstest.console.dll, TestRequestSender.OnExecutionMessageReceived: Received message: {"Version":2,"MessageType":"TestSession.Message","Payload":{"MessageLevel":0,"Message":"Running all tests in D:\\TreatmentMicroservice\\TreatmentMicroservice\\TreatmentMicroserviceTesting\\bin\\Debug\\netcoreapp3.1\\fine-code-coverage\\build-output\\TreatmentMicroserviceTesting.dll"}}
TpTrace Verbose: 0 : 14756, 12, 2021/07/16, 14:29:34.637, 1660957829015, vstest.console.dll, TestRunRequest:SendTestRunMessage: Starting.
TpTrace Information: 0 : 14756, 12, 2021/07/16, 14:29:34.637, 1660957830358, vstest.console.dll, TestRunRequest:SendTestRunMessage: Completed.
TpTrace Verbose: 0 : 14756, 12, 2021/07/16, 14:29:34.637, 1660957831216, vstest.console.dll, TcpClientExtensions.MessageLoopAsync: Polling on remoteEndPoint: 127.0.0.1:54217 localEndPoint: 127.0.0.1:54215
TpTrace Verbose: 0 : 14756, 12, 2021/07/16, 14:29:35.021, 1660961672172, vstest.console.dll, TcpClientExtensions.MessageLoopAsync: NotifyDataAvailable remoteEndPoint: 127.0.0.1:54217 localEndPoint: 127.0.0.1:54215
TpTrace Verbose: 0 : 14756, 12, 2021/07/16, 14:29:35.021, 1660961674150, vstest.console.dll, TestRequestSender.OnExecutionMessageReceived: Received message: {"Version":2,"MessageType":"TestSession.Message","Payload":{"MessageLevel":0,"Message":"   NUnit3TestExecutor converted 8 of 8 NUnit test cases"}}
TpTrace Verbose: 0 : 14756, 12, 2021/07/16, 14:29:35.021, 1660961677408, vstest.console.dll, TestRunRequest:SendTestRunMessage: Starting.
TpTrace Information: 0 : 14756, 12, 2021/07/16, 14:29:35.022, 1660961678804, vstest.console.dll, TestRunRequest:SendTestRunMessage: Completed.
TpTrace Verbose: 0 : 14756, 12, 2021/07/16, 14:29:35.022, 1660961679722, vstest.console.dll, TcpClientExtensions.MessageLoopAsync: Polling on remoteEndPoint: 127.0.0.1:54217 localEndPoint: 127.0.0.1:54215
TpTrace Verbose: 0 : 14756, 12, 2021/07/16, 14:29:35.917, 1660970635647, vstest.console.dll, TcpClientExtensions.MessageLoopAsync: NotifyDataAvailable remoteEndPoint: 127.0.0.1:54217 localEndPoint: 127.0.0.1:54215
TpTrace Verbose: 0 : 14756, 12, 2021/07/16, 14:29:35.918, 1660970640124, vstest.console.dll, TestRequestSender.OnExecutionMessageReceived: Received message: {"Version":2,"MessageType":"TestExecution.StatsChange","Payload":{"NewTestResults":[],"TestRunStatistics":{"ExecutedTests":0,"Stats":{}},"ActiveTests":[{"Id":"cff95996-b350-b040-325a-635d47eddbe8","FullyQualifiedName":"TreatmentMicroserviceTest.TestServices.GeneratePlanDetails_ValidData()","DisplayName":"GeneratePlanDetails_ValidData()","ExecutorUri":"executor://NUnit3TestExecutor","Source":"D:\\TreatmentMicroservice\\TreatmentMicroservice\\TreatmentMicroserviceTesting\\bin\\Debug\\netcoreapp3.1\\fine-code-coverage\\build-output\\TreatmentMicroserviceTesting.dll","CodeFilePath":null,"LineNumber":0,"Properties":[]}]}}
TpTrace Verbose: 0 : 14756, 12, 2021/07/16, 14:29:35.956, 1660971023380, vstest.console.dll, TestRunRequest:SendTestRunStatsChange: Starting.
TpTrace Verbose: 0 : 14756, 12, 2021/07/16, 14:29:35.956, 1660971027635, vstest.console.dll, InProgress is GeneratePlanDetails_ValidData()
TpTrace Information: 0 : 14756, 12, 2021/07/16, 14:29:35.957, 1660971029834, vstest.console.dll, TestRunRequest:SendTestRunStatsChange: Completed.
TpTrace Verbose: 0 : 14756, 12, 2021/07/16, 14:29:35.957, 1660971030817, vstest.console.dll, TcpClientExtensions.MessageLoopAsync: Polling on remoteEndPoint: 127.0.0.1:54217 localEndPoint: 127.0.0.1:54215
TpTrace Verbose: 0 : 14756, 12, 2021/07/16, 14:29:36.968, 1660981140864, vstest.console.dll, TcpClientExtensions.MessageLoopAsync: Polling on remoteEndPoint: 127.0.0.1:54217 localEndPoint: 127.0.0.1:54215
TpTrace Verbose: 0 : 14756, 12, 2021/07/16, 14:29:37.978, 1660991244203, vstest.console.dll, TcpClientExtensions.MessageLoopAsync: Polling on remoteEndPoint: 127.0.0.1:54217 localEndPoint: 127.0.0.1:54215
TpTrace Verbose: 0 : 14756, 12, 2021/07/16, 14:29:38.264, 1660994104967, vstest.console.dll, TcpClientExtensions.MessageLoopAsync: NotifyDataAvailable remoteEndPoint: 127.0.0.1:54217 localEndPoint: 127.0.0.1:54215
TpTrace Verbose: 0 : 14756, 12, 2021/07/16, 14:29:38.265, 1660994109169, vstest.console.dll, TestRequestSender.OnExecutionMessageReceived: Received message: {"Version":2,"MessageType":"TestExecution.StatsChange","Payload":{"NewTestResults":[{"TestCase":{"Id":"cff95996-b350-b040-325a-635d47eddbe8","FullyQualifiedName":"TreatmentMicroserviceTest.TestServices.GeneratePlanDetails_ValidData()","DisplayName":"GeneratePlanDetails_ValidData()","ExecutorUri":"executor://NUnit3TestExecutor","Source":"D:\\TreatmentMicroservice\\TreatmentMicroservice\\TreatmentMicroserviceTesting\\bin\\Debug\\netcoreapp3.1\\fine-code-coverage\\build-output\\TreatmentMicroserviceTesting.dll","CodeFilePath":null,"LineNumber":0,"Properties":[]},"Attachments":[],"Outcome":1,"ErrorMessage":null,"ErrorStackTrace":null,"DisplayName":"GeneratePlanDetails_ValidData()","Messages":[],"ComputerName":"DESKTOP-A7IMQOE","Duration":"00:00:02.9855240","StartTime":"2021-07-16T08:59:35+00:00","EndTime":"2021-07-16T08:59:38+00:00","Properties":[]}],"TestRunStatistics":{"ExecutedTests":1,"Stats":{"Passed":1}},"ActiveTests":[{"Id":"b6ec9073-fb2c-5341-2b45-91ffc871bbea","FullyQualifiedName":"TreatmentMicroserviceTest.TestServices.SaveAll_ValidData()","DisplayName":"SaveAll_ValidData()","ExecutorUri":"executor://NUnit3TestExecutor","Source":"D:\\TreatmentMicroservice\\TreatmentMicroservice\\TreatmentMicroserviceTesting\\bin\\Debug\\netcoreapp3.1\\fine-code-coverage\\build-output\\TreatmentMicroserviceTesting.dll","CodeFilePath":null,"LineNumber":0,"Properties":[]}]}}
TpTrace Verbose: 0 : 14756, 12, 2021/07/16, 14:29:38.298, 1660994440025, vstest.console.dll, TestRunRequest:SendTestRunStatsChange: Starting.
TpTrace Verbose: 0 : 14756, 12, 2021/07/16, 14:29:38.298, 1660994441676, vstest.console.dll, InProgress is SaveAll_ValidData()
TpTrace Information: 0 : 14756, 12, 2021/07/16, 14:29:38.298, 1660994444530, vstest.console.dll, TestRunRequest:SendTestRunStatsChange: Completed.
TpTrace Verbose: 0 : 14756, 12, 2021/07/16, 14:29:38.298, 1660994445683, vstest.console.dll, TcpClientExtensions.MessageLoopAsync: Polling on remoteEndPoint: 127.0.0.1:54217 localEndPoint: 127.0.0.1:54215
TpTrace Verbose: 0 : 14756, 12, 2021/07/16, 14:29:38.600, 1660997467804, vstest.console.dll, TcpClientExtensions.MessageLoopAsync: NotifyDataAvailable remoteEndPoint: 127.0.0.1:54217 localEndPoint: 127.0.0.1:54215
TpTrace Verbose: 0 : 14756, 12, 2021/07/16, 14:29:38.601, 1660997469596, vstest.console.dll, TestRequestSender.OnExecutionMessageReceived: Received message: {"Version":2,"MessageType":"TestSession.Message","Payload":{"MessageLevel":0,"Message":"NUnit Adapter 3.16.1.0: Test execution complete"}}
TpTrace Verbose: 0 : 14756, 12, 2021/07/16, 14:29:38.601, 1660997471652, vstest.console.dll, TestRunRequest:SendTestRunMessage: Starting.
TpTrace Information: 0 : 14756, 12, 2021/07/16, 14:29:38.601, 1660997472892, vstest.console.dll, TestRunRequest:SendTestRunMessage: Completed.
TpTrace Verbose: 0 : 14756, 12, 2021/07/16, 14:29:38.601, 1660997473757, vstest.console.dll, TcpClientExtensions.MessageLoopAsync: Polling on remoteEndPoint: 127.0.0.1:54217 localEndPoint: 127.0.0.1:54215
TpTrace Verbose: 0 : 14756, 12, 2021/07/16, 14:29:38.646, 1660997928068, vstest.console.dll, TcpClientExtensions.MessageLoopAsync: NotifyDataAvailable remoteEndPoint: 127.0.0.1:54217 localEndPoint: 127.0.0.1:54215
TpTrace Verbose: 0 : 14756, 12, 2021/07/16, 14:29:38.653, 1660997990462, vstest.console.dll, TestRequestSender.OnExecutionMessageReceived: Received message: {"Version":2,"MessageType":"TestExecution.Completed","Payload":{"TestRunCompleteArgs":{"TestRunStatistics":{"ExecutedTests":8,"Stats":{"Passed":8}},"IsCanceled":false,"IsAborted":false,"Error":null,"AttachmentSets":[],"ElapsedTimeInRunningTests":"00:00:04.0444356","Metrics":{}},"LastRunTests":{"NewTestResults":[{"TestCase":{"Id":"b6ec9073-fb2c-5341-2b45-91ffc871bbea","FullyQualifiedName":"TreatmentMicroserviceTest.TestServices.SaveAll_ValidData()","DisplayName":"SaveAll_ValidData()","ExecutorUri":"executor://NUnit3TestExecutor","Source":"D:\\TreatmentMicroservice\\TreatmentMicroservice\\TreatmentMicroserviceTesting\\bin\\Debug\\netcoreapp3.1\\fine-code-coverage\\build-output\\TreatmentMicroserviceTesting.dll","CodeFilePath":null,"LineNumber":0,"Properties":[]},"Attachments":[],"Outcome":1,"ErrorMessage":null,"ErrorStackTrace":null,"DisplayName":"SaveAll_ValidData()","Messages":[],"ComputerName":"DESKTOP-A7IMQOE","Duration":"00:00:00.2088849","StartTime":"2021-07-16T08:59:38+00:00","EndTime":"2021-07-16T08:59:38+00:00","Properties":[]},{"TestCase":{"Id":"704adb33-b720-e6f8-abf7-148830e63a31","FullyQualifiedName":"TreatmentMicroserviceTest.TestServices.TestingGetPackageList_Returns_ValidPackageList","DisplayName":"TestingGetPackageList_Returns_ValidPackageList","ExecutorUri":"executor://NUnit3TestExecutor","Source":"D:\\TreatmentMicroservice\\TreatmentMicroservice\\TreatmentMicroserviceTesting\\bin\\Debug\\netcoreapp3.1\\fine-code-coverage\\build-output\\TreatmentMicroserviceTesting.dll","CodeFilePath":null,"LineNumber":0,"Properties":[]},"Attachments":[],"Outcome":1,"ErrorMessage":null,"ErrorStackTrace":null,"DisplayName":"TestingGetPackageList_Returns_ValidPackageList","Messages":[],"ComputerName":"DESKTOP-A7IMQOE","Duration":"00:00:00.0317820","StartTime":"2021-07-16T08:59:38+00:00","EndTime":"2021-07-16T08:59:38+00:00","Properties":[]},{"TestCase":{"Id":"6812b091-8085-4919-0c70-633829b35214","FullyQualifiedName":"TreatmentMicroserviceTest.TestServices.TestingGetSpecialists_Returns_SpecialistsList","DisplayName":"TestingGetSpecialists_Returns_SpecialistsList","ExecutorUri":"executor://NUnit3TestExecutor","Source":"D:\\TreatmentMicroservice\\TreatmentMicroservice\\TreatmentMicroserviceTesting\\bin\\Debug\\netcoreapp3.1\\fine-code-coverage\\build-output\\TreatmentMicroserviceTesting.dll","CodeFilePath":null,"LineNumber":0,"Properties":[]},"Attachments":[],"Outcome":1,"ErrorMessage":null,"ErrorStackTrace":null,"DisplayName":"TestingGetSpecialists_Returns_SpecialistsList","Messages":[],"ComputerName":"DESKTOP-A7IMQOE","Duration":"00:00:00.0051139","StartTime":"2021-07-16T08:59:38+00:00","EndTime":"2021-07-16T08:59:38+00:00","Properties":[]},{"TestCase":{"Id":"f94d2516-c521-8a28-f387-09f0b5683134","FullyQualifiedName":"TreatmentMicroserviceTesting.InvalidTests.GeneratePlanDetails_InValidData()","DisplayName":"GeneratePlanDetails_InValidData()","ExecutorUri":"executor://NUnit3TestExecutor","Source":"D:\\TreatmentMicroservice\\TreatmentMicroservice\\TreatmentMicroserviceTesting\\bin\\Debug\\netcoreapp3.1\\fine-code-coverage\\build-output\\TreatmentMicroserviceTesting.dll","CodeFilePath":null,"LineNumber":0,"Properties":[]},"Attachments":[],"Outcome":1,"ErrorMessage":null,"ErrorStackTrace":null,"DisplayName":"GeneratePlanDetails_InValidData()","Messages":[],"ComputerName":"DESKTOP-A7IMQOE","Duration":"00:00:00.0252590","StartTime":"2021-07-16T08:59:38+00:00","EndTime":"2021-07-16T08:59:38+00:00","Properties":[]},{"TestCase":{"Id":"05bfbef8-fab7-b87a-58fc-7407f0478d56","FullyQualifiedName":"TreatmentMicroserviceTesting.InvalidTests.SaveAll_InValidData()","DisplayName":"SaveAll_InValidData()","ExecutorUri":"executor://NUnit3TestExecutor","Source":"D:\\TreatmentMicroservice\\TreatmentMicroservice\\TreatmentMicroserviceTesting\\bin\\Debug\\netcoreapp3.1\\fine-code-coverage\\build-output\\TreatmentMicroserviceTesting.dll","CodeFilePath":null,"LineNumber":0,"Properties":[]},"Attachments":[],"Outcome":1,"ErrorMessage":null,"ErrorStackTrace":null,"DisplayName":"SaveAll_InValidData()","Messages":[],"ComputerName":"DESKTOP-A7IMQOE","Duration":"00:00:00.0340460","StartTime":"2021-07-16T08:59:38+00:00","EndTime":"2021-07-16T08:59:38+00:00","Properties":[]},{"TestCase":{"Id":"55688440-bf6f-e390-635a-5dd6e0050687","FullyQualifiedName":"TreatmentMicroserviceTesting.InvalidTests.TestingGetPackageList_Returns_InValidPackageList","DisplayName":"TestingGetPackageList_Returns_InValidPackageList","ExecutorUri":"executor://NUnit3TestExecutor","Source":"D:\\TreatmentMicroservice\\TreatmentMicroservice\\TreatmentMicroserviceTesting\\bin\\Debug\\netcoreapp3.1\\fine-code-coverage\\build-output\\TreatmentMicroserviceTesting.dll","CodeFilePath":null,"LineNumber":0,"Properties":[]},"Attachments":[],"Outcome":1,"ErrorMessage":null,"ErrorStackTrace":null,"DisplayName":"TestingGetPackageList_Returns_InValidPackageList","Messages":[],"ComputerName":"DESKTOP-A7IMQOE","Duration":"00:00:00.0046980","StartTime":"2021-07-16T08:59:38+00:00","EndTime":"2021-07-16T08:59:38+00:00","Properties":[]},{"TestCase":{"Id":"c9f2fe51-dcc8-2c31-036d-d5ff862a98a4","FullyQualifiedName":"TreatmentMicroserviceTesting.InvalidTests.TestingGetSpecialists_Returns_InvalidSpecialistsList","DisplayName":"TestingGetSpecialists_Returns_InvalidSpecialistsList","ExecutorUri":"executor://NUnit3TestExecutor","Source":"D:\\TreatmentMicroservice\\TreatmentMicroservice\\TreatmentMicroserviceTesting\\bin\\Debug\\netcoreapp3.1\\fine-code-coverage\\build-output\\TreatmentMicroserviceTesting.dll","CodeFilePath":null,"LineNumber":0,"Properties":[]},"Attachments":[],"Outcome":1,"ErrorMessage":null,"ErrorStackTrace":null,"DisplayName":"TestingGetSpecialists_Returns_InvalidSpecialistsList","Messages":[],"ComputerName":"DESKTOP-A7IMQOE","Duration":"00:00:00.0025590","StartTime":"2021-07-16T08:59:38+00:00","EndTime":"2021-07-16T08:59:38+00:00","Properties":[]}],"TestRunStatistics":{"ExecutedTests":8,"Stats":{"Passed":8}},"ActiveTests":[]},"RunAttachments":[],"ExecutorUris":["executor://nunit3testexecutor/"]}}
TpTrace Verbose: 0 : 14756, 12, 2021/07/16, 14:29:38.654, 1660997999292, vstest.console.dll, TestRequestSender.EndSession: Sending end session.
TpTrace Verbose: 0 : 14756, 12, 2021/07/16, 14:29:38.654, 1660998001869, vstest.console.dll, ProxyOperationManager.Close: waiting for test host to exit for 100 ms
TpTrace Warning: 0 : 14756, 6, 2021/07/16, 14:29:38.705, 1660998516603, vstest.console.dll, TestHostManagerCallbacks.ErrorReceivedCallback Test host standard error line: 
TpTrace Verbose: 0 : 14756, 7, 2021/07/16, 14:29:38.722, 1660998682591, vstest.console.dll, TestHostProvider.ExitCallBack: Host exited starting callback.
TpTrace Information: 0 : 14756, 7, 2021/07/16, 14:29:38.723, 1660998696928, vstest.console.dll, TestHostManagerCallbacks.ExitCallBack: Testhost processId: 14036 exited with exitcode: 0 error: ''
TpTrace Verbose: 0 : 14756, 7, 2021/07/16, 14:29:38.723, 1660998698422, vstest.console.dll, DotnetTestHostManager.OnHostExited: invoking OnHostExited callback
TpTrace Verbose: 0 : 14756, 7, 2021/07/16, 14:29:38.724, 1660998699600, vstest.console.dll, CrossPlatEngine.TestHostManagerHostExited: calling on client process exit callback.
TpTrace Information: 0 : 14756, 7, 2021/07/16, 14:29:38.724, 1660998700731, vstest.console.dll, TestRequestSender.OnClientProcessExit: Test host process exited. Standard error: 
TpTrace Warning: 0 : 14756, 12, 2021/07/16, 14:29:38.724, 1660998700903, vstest.console.dll, ProxyOperationManager: Timed out waiting for test host to exit. Will terminate process.
TpTrace Information: 0 : 14756, 7, 2021/07/16, 14:29:38.724, 1660998701686, vstest.console.dll, SocketServer.Stop: Stop server endPoint: 127.0.0.1:54215
TpTrace Information: 0 : 14756, 7, 2021/07/16, 14:29:38.724, 1660998703842, vstest.console.dll, SocketServer.Stop: Cancellation requested. Stopping message loop.
TpTrace Verbose: 0 : 14756, 12, 2021/07/16, 14:29:38.725, 1660998716505, vstest.console.dll, ProxyDataCollectionManager.InvokeDataCollectionServiceAction: Starting.
TpTrace Information: 0 : 14756, 12, 2021/07/16, 14:29:38.725, 1660998718006, vstest.console.dll, ProxyDataCollectionManager.AfterTestRunEnd: Get attachment set for datacollector processId: 13672 port: 54212
TpTrace Verbose: 0 : 14756, 12, 2021/07/16, 14:29:38.726, 1660998719361, vstest.console.dll, DataCollectionRequestSender.SendAfterTestRunStartAndGetResult : Send AfterTestRunEnd message with isCancelled: False
TpTrace Verbose: 0 : 14756, 12, 2021/07/16, 14:29:38.736, 1660998822931, vstest.console.dll, DataCollectionRequestSender.SendAfterTestRunStartAndGetResult : Received message: (DataCollection.AfterTestRunEndResult) -> {
  "AttachmentSets": [],
  "Metrics": {}
}
TpTrace Information: 0 : 14756, 12, 2021/07/16, 14:29:38.742, 1660998883339, vstest.console.dll, ProxyDataCollectionManager.InvokeDataCollectionServiceAction: Completed.
TpTrace Warning: 0 : 14756, 9, 2021/07/16, 14:29:38.771, 1660999172179, vstest.console.dll, DataCollectionLauncher.ErrorReceivedCallback datacollector standard error line: 
TpTrace Verbose: 0 : 14756, 12, 2021/07/16, 14:29:38.808, 1660999543385, vstest.console.dll, TestRunRequest:SendTestRunStatsChange: Starting.
TpTrace Information: 0 : 14756, 12, 2021/07/16, 14:29:38.808, 1660999546493, vstest.console.dll, TestRunRequest:SendTestRunStatsChange: Completed.
TpTrace Verbose: 0 : 14756, 12, 2021/07/16, 14:29:38.809, 1660999551458, vstest.console.dll, ParallelProxyExecutionManager: HandlePartialRunComplete: Total completed clients = 1, Run complete = True, Run canceled: False.
TpTrace Information: 0 : 14756, 7, 2021/07/16, 14:29:38.814, 1660999601844, vstest.console.dll, DataCollectionLauncher.ExitCallBack: Data collector exited with exitcode: 0 error: ''
TpTrace Verbose: 0 : 14756, 12, 2021/07/16, 14:29:38.868, 1661000143165, vstest.console.dll, TestRunRequest:TestRunComplete: Starting. IsAborted:False IsCanceled:False.
TpTrace Verbose: 0 : 14756, 12, 2021/07/16, 14:29:38.868, 1661000148076, vstest.console.dll, TestLoggerManager.HandleTestRunComplete: Ignoring as the object is disposed.
TpTrace Information: 0 : 14756, 12, 2021/07/16, 14:29:38.869, 1661000155833, vstest.console.dll, TestRunRequest:TestRunComplete: Completed.
TpTrace Verbose: 0 : 14756, 1, 2021/07/16, 14:29:38.869, 1661000156672, vstest.console.dll, TestRunRequest.Dispose: Starting.
TpTrace Verbose: 0 : 14756, 12, 2021/07/16, 14:29:38.869, 1661000157253, vstest.console.dll, TestRequestSender.SetOperationComplete: Setting operation complete.
TpTrace Information: 0 : 14756, 1, 2021/07/16, 14:29:38.870, 1661000158756, vstest.console.dll, TestRunRequest.Dispose: Completed.
TpTrace Information: 0 : 14756, 12, 2021/07/16, 14:29:38.870, 1661000160090, vstest.console.dll, SocketServer.Stop: Stop server endPoint: 127.0.0.1:54215
TpTrace Information: 0 : 14756, 1, 2021/07/16, 14:29:38.870, 1661000166759, vstest.console.dll, TestRequestManager.RunTests: run tests completed.
TpTrace Information: 0 : 14756, 1, 2021/07/16, 14:29:38.871, 1661000170984, vstest.console.dll, RunTestsArgumentProcessor:Execute: Test run is completed.
TpTrace Information: 0 : 14756, 12, 2021/07/16, 14:29:38.871, 1661000168815, vstest.console.dll, SocketServer.Stop: Cancellation requested. Stopping message loop.
TpTrace Verbose: 0 : 14756, 1, 2021/07/16, 14:29:38.871, 1661000174957, vstest.console.dll, Executor.Execute: Exiting with exit code of 0
TpTrace Information: 0 : 14756, 12, 2021/07/16, 14:29:38.871, 1661000175364, vstest.console.dll, SocketServer.PrivateStop: Stop server endPoint: 127.0.0.1:54215 error: 
TpTrace Verbose: 0 : 14756, 12, 2021/07/16, 14:29:38.873, 1661000188728, vstest.console.dll, LengthPrefixCommunicationChannel.Dispose: Dispose reader and writer.
TpTrace Information: 0 : 14756, 12, 2021/07/16, 14:29:38.873, 1661000190712, vstest.console.dll, SocketServer.Stop: Raise disconnected event endPoint: 127.0.0.1:54215 error: 
TpTrace Verbose: 0 : 14756, 12, 2021/07/16, 14:29:38.873, 1661000192357, vstest.console.dll, TestRequestSender: OnTestRunAbort: Operation is already complete. Skip error message.
TpTrace Verbose: 0 : 14756, 12, 2021/07/16, 14:29:38.873, 1661000193190, vstest.console.dll, TcpClientExtensions.MessageLoopAsync: exiting MessageLoopAsync remoteEndPoint: 127.0.0.1:54217 localEndPoint: 127.0.0.1:54215
